This is pdfTeX, Version 3.141592653-2.6-1.40.28 (TeX Live 2025) (preloaded format=pdflatex 2025.7.4)  7 JUL 2025 19:55
entering extended mode
 restricted \write18 enabled.
 %&-line parsing enabled.
**Simulacion_Poder.tex
(./Simulacion_Poder.tex
LaTeX2e <2025-06-01> patch level 1
L3 programming layer <2025-06-09>
(/home/jdl/.TinyTeX/texmf-dist/tex/latex/base/article.cls
Document Class: article 2025/01/22 v1.4n Standard LaTeX document class
(/home/jdl/.TinyTeX/texmf-dist/tex/latex/base/size10.clo
File: size10.clo 2025/01/22 v1.4n Standard LaTeX file (size option)
)
\c@part=\count275
\c@section=\count276
\c@subsection=\count277
\c@subsubsection=\count278
\c@paragraph=\count279
\c@subparagraph=\count280
\c@figure=\count281
\c@table=\count282
\abovecaptionskip=\skip49
\belowcaptionskip=\skip50
\bibindent=\dimen148
) (/home/jdl/.TinyTeX/texmf-dist/tex/latex/amsmath/amsmath.sty
Package: amsmath 2025/06/16 v2.17y AMS math features
\@mathmargin=\skip51
For additional information on amsmath, use the `?' option.
(/home/jdl/.TinyTeX/texmf-dist/tex/latex/amsmath/amstext.sty
Package: amstext 2024/11/17 v2.01 AMS text
(/home/jdl/.TinyTeX/texmf-dist/tex/latex/amsmath/amsgen.sty
File: amsgen.sty 1999/11/30 v2.0 generic functions
\@emptytoks=\toks17
\ex@=\dimen149
)) (/home/jdl/.TinyTeX/texmf-dist/tex/latex/amsmath/amsbsy.sty
Package: amsbsy 1999/11/29 v1.2d Bold Symbols
\pmbraise@=\dimen150
) (/home/jdl/.TinyTeX/texmf-dist/tex/latex/amsmath/amsopn.sty
Package: amsopn 2022/04/08 v2.04 operator names
)
\inf@bad=\count283
LaTeX Info: Redefining \frac on input line 233.
\uproot@=\count284
\leftroot@=\count285
LaTeX Info: Redefining \overline on input line 398.
LaTeX Info: Redefining \colon on input line 409.
\classnum@=\count286
\DOTSCASE@=\count287
LaTeX Info: Redefining \ldots on input line 495.
LaTeX Info: Redefining \dots on input line 498.
LaTeX Info: Redefining \cdots on input line 619.
\Mathstrutbox@=\box53
\strutbox@=\box54
LaTeX Info: Redefining \big on input line 721.
LaTeX Info: Redefining \Big on input line 722.
LaTeX Info: Redefining \bigg on input line 723.
LaTeX Info: Redefining \Bigg on input line 724.
\big@size=\dimen151
LaTeX Font Info:    Redeclaring font encoding OML on input line 742.
LaTeX Font Info:    Redeclaring font encoding OMS on input line 743.
\macc@depth=\count288
LaTeX Info: Redefining \bmod on input line 904.
LaTeX Info: Redefining \pmod on input line 909.
LaTeX Info: Redefining \smash on input line 939.
LaTeX Info: Redefining \relbar on input line 969.
LaTeX Info: Redefining \Relbar on input line 970.
\c@MaxMatrixCols=\count289
\dotsspace@=\muskip17
\c@parentequation=\count290
\dspbrk@lvl=\count291
\tag@help=\toks18
\row@=\count292
\column@=\count293
\maxfields@=\count294
\andhelp@=\toks19
\eqnshift@=\dimen152
\alignsep@=\dimen153
\tagshift@=\dimen154
\tagwidth@=\dimen155
\totwidth@=\dimen156
\lineht@=\dimen157
\@envbody=\toks20
\multlinegap=\skip52
\multlinetaggap=\skip53
\mathdisplay@stack=\toks21
LaTeX Info: Redefining \[ on input line 2949.
LaTeX Info: Redefining \] on input line 2950.
) (/home/jdl/.TinyTeX/texmf-dist/tex/latex/amsfonts/amssymb.sty
Package: amssymb 2013/01/14 v3.01 AMS font symbols
(/home/jdl/.TinyTeX/texmf-dist/tex/latex/amsfonts/amsfonts.sty
Package: amsfonts 2013/01/14 v3.01 Basic AMSFonts support
\symAMSa=\mathgroup4
\symAMSb=\mathgroup5
LaTeX Font Info:    Redeclaring math symbol \hbar on input line 98.
LaTeX Font Info:    Overwriting math alphabet `\mathfrak' in version `bold'
(Font)                  U/euf/m/n --> U/euf/b/n on input line 106.
)) (/home/jdl/.TinyTeX/texmf-dist/tex/generic/iftex/iftex.sty
Package: iftex 2024/12/12 v1.0g TeX engine tests
) (/home/jdl/.TinyTeX/texmf-dist/tex/latex/base/fontenc.sty
Package: fontenc 2024/12/21 v2.1c Standard LaTeX package
) (/home/jdl/.TinyTeX/texmf-dist/tex/latex/base/inputenc.sty
Package: inputenc 2024/02/08 v1.3d Input encoding file
\inpenc@prehook=\toks22
\inpenc@posthook=\toks23
) (/home/jdl/.TinyTeX/texmf-dist/tex/latex/base/textcomp.sty
Package: textcomp 2024/04/24 v2.1b Standard LaTeX package
) (/home/jdl/.TinyTeX/texmf-dist/tex/latex/lm/lmodern.sty
Package: lmodern 2015/05/01 v1.6.1 Latin Modern Fonts
LaTeX Font Info:    Overwriting symbol font `operators' in version `normal'
(Font)                  OT1/cmr/m/n --> OT1/lmr/m/n on input line 22.
LaTeX Font Info:    Overwriting symbol font `letters' in version `normal'
(Font)                  OML/cmm/m/it --> OML/lmm/m/it on input line 23.
LaTeX Font Info:    Overwriting symbol font `symbols' in version `normal'
(Font)                  OMS/cmsy/m/n --> OMS/lmsy/m/n on input line 24.
LaTeX Font Info:    Overwriting symbol font `largesymbols' in version `normal'
(Font)                  OMX/cmex/m/n --> OMX/lmex/m/n on input line 25.
LaTeX Font Info:    Overwriting symbol font `operators' in version `bold'
(Font)                  OT1/cmr/bx/n --> OT1/lmr/bx/n on input line 26.
LaTeX Font Info:    Overwriting symbol font `letters' in version `bold'
(Font)                  OML/cmm/b/it --> OML/lmm/b/it on input line 27.
LaTeX Font Info:    Overwriting symbol font `symbols' in version `bold'
(Font)                  OMS/cmsy/b/n --> OMS/lmsy/b/n on input line 28.
LaTeX Font Info:    Overwriting symbol font `largesymbols' in version `bold'
(Font)                  OMX/cmex/m/n --> OMX/lmex/m/n on input line 29.
LaTeX Font Info:    Overwriting math alphabet `\mathbf' in version `normal'
(Font)                  OT1/cmr/bx/n --> OT1/lmr/bx/n on input line 31.
LaTeX Font Info:    Overwriting math alphabet `\mathsf' in version `normal'
(Font)                  OT1/cmss/m/n --> OT1/lmss/m/n on input line 32.
LaTeX Font Info:    Overwriting math alphabet `\mathit' in version `normal'
(Font)                  OT1/cmr/m/it --> OT1/lmr/m/it on input line 33.
LaTeX Font Info:    Overwriting math alphabet `\mathtt' in version `normal'
(Font)                  OT1/cmtt/m/n --> OT1/lmtt/m/n on input line 34.
LaTeX Font Info:    Overwriting math alphabet `\mathbf' in version `bold'
(Font)                  OT1/cmr/bx/n --> OT1/lmr/bx/n on input line 35.
LaTeX Font Info:    Overwriting math alphabet `\mathsf' in version `bold'
(Font)                  OT1/cmss/bx/n --> OT1/lmss/bx/n on input line 36.
LaTeX Font Info:    Overwriting math alphabet `\mathit' in version `bold'
(Font)                  OT1/cmr/bx/it --> OT1/lmr/bx/it on input line 37.
LaTeX Font Info:    Overwriting math alphabet `\mathtt' in version `bold'
(Font)                  OT1/cmtt/m/n --> OT1/lmtt/m/n on input line 38.
) (/home/jdl/.TinyTeX/texmf-dist/tex/latex/parskip/parskip.sty
Package: parskip 2021-03-14 v2.0h non-zero parskip adjustments
(/home/jdl/.TinyTeX/texmf-dist/tex/latex/kvoptions/kvoptions.sty
Package: kvoptions 2022-06-15 v3.15 Key value format for package options (HO)
(/home/jdl/.TinyTeX/texmf-dist/tex/latex/graphics/keyval.sty
Package: keyval 2022/05/29 v1.15 key=value parser (DPC)
\KV@toks@=\toks24
) (/home/jdl/.TinyTeX/texmf-dist/tex/generic/ltxcmds/ltxcmds.sty
Package: ltxcmds 2023-12-04 v1.26 LaTeX kernel commands for general use (HO)
) (/home/jdl/.TinyTeX/texmf-dist/tex/latex/kvsetkeys/kvsetkeys.sty
Package: kvsetkeys 2022-10-05 v1.19 Key value parser (HO)
)) (/home/jdl/.TinyTeX/texmf-dist/tex/latex/etoolbox/etoolbox.sty
Package: etoolbox 2025/02/11 v2.5l e-TeX tools for LaTeX (JAW)
\etb@tempcnta=\count295
)) (/home/jdl/.TinyTeX/texmf-dist/tex/latex/xcolor/xcolor.sty
Package: xcolor 2024/09/29 v3.02 LaTeX color extensions (UK)
(/home/jdl/.TinyTeX/texmf-dist/tex/latex/graphics-cfg/color.cfg
File: color.cfg 2016/01/02 v1.6 sample color configuration
)
Package xcolor Info: Driver file: pdftex.def on input line 274.
(/home/jdl/.TinyTeX/texmf-dist/tex/latex/graphics-def/pdftex.def
File: pdftex.def 2024/04/13 v1.2c Graphics/color driver for pdftex
) (/home/jdl/.TinyTeX/texmf-dist/tex/latex/graphics/mathcolor.ltx)
Package xcolor Info: Model `cmy' substituted by `cmy0' on input line 1349.
Package xcolor Info: Model `hsb' substituted by `rgb' on input line 1353.
Package xcolor Info: Model `RGB' extended on input line 1365.
Package xcolor Info: Model `HTML' substituted by `rgb' on input line 1367.
Package xcolor Info: Model `Hsb' substituted by `hsb' on input line 1368.
Package xcolor Info: Model `tHsb' substituted by `hsb' on input line 1369.
Package xcolor Info: Model `HSB' substituted by `hsb' on input line 1370.
Package xcolor Info: Model `Gray' substituted by `gray' on input line 1371.
Package xcolor Info: Model `wave' substituted by `hsb' on input line 1372.
) (/home/jdl/.TinyTeX/texmf-dist/tex/latex/graphics/dvipsnam.def
File: dvipsnam.def 2016/06/17 v3.0m Driver-dependent file (DPC,SPQR)
) (/home/jdl/.TinyTeX/texmf-dist/tex/latex/xcolor/svgnam.def
File: svgnam.def 2024/09/29 v3.02 Predefined colors according to SVG 1.1 (UK)
) (/home/jdl/.TinyTeX/texmf-dist/tex/latex/xcolor/x11nam.def
File: x11nam.def 2024/09/29 v3.02 Predefined colors according to Unix/X11 (UK)
) (/home/jdl/.TinyTeX/texmf-dist/tex/latex/geometry/geometry.sty
Package: geometry 2020/01/02 v5.9 Page Geometry
(/home/jdl/.TinyTeX/texmf-dist/tex/generic/iftex/ifvtex.sty
Package: ifvtex 2019/10/25 v1.7 ifvtex legacy package. Use iftex instead.
)
\Gm@cnth=\count296
\Gm@cntv=\count297
\c@Gm@tempcnt=\count298
\Gm@bindingoffset=\dimen158
\Gm@wd@mp=\dimen159
\Gm@odd@mp=\dimen160
\Gm@even@mp=\dimen161
\Gm@layoutwidth=\dimen162
\Gm@layoutheight=\dimen163
\Gm@layouthoffset=\dimen164
\Gm@layoutvoffset=\dimen165
\Gm@dimlist=\toks25
) (/home/jdl/.TinyTeX/texmf-dist/tex/latex/fancyvrb/fancyvrb.sty
Package: fancyvrb 2024/01/20 4.5c verbatim text (tvz,hv)
\FV@CodeLineNo=\count299
\FV@InFile=\read2
\FV@TabBox=\box55
\c@FancyVerbLine=\count300
\FV@StepNumber=\count301
\FV@OutFile=\write3
) (/home/jdl/.TinyTeX/texmf-dist/tex/latex/framed/framed.sty
Package: framed 2011/10/22 v 0.96: framed or shaded text with page breaks
\OuterFrameSep=\skip54
\fb@frw=\dimen166
\fb@frh=\dimen167
\FrameRule=\dimen168
\FrameSep=\dimen169
) (/home/jdl/.TinyTeX/texmf-dist/tex/latex/tools/longtable.sty
Package: longtable 2024-12-18 v4.23 Multi-page Table package (DPC)
\LTleft=\skip55
\LTright=\skip56
\LTpre=\skip57
\LTpost=\skip58
\LTchunksize=\count302
\LTcapwidth=\dimen170
\LT@head=\box56
\LT@firsthead=\box57
\LT@foot=\box58
\LT@lastfoot=\box59
\LT@gbox=\box60
\LT@cols=\count303
\LT@rows=\count304
\c@LT@tables=\count305
\c@LT@chunks=\count306
\LT@p@ftn=\toks26
) (/home/jdl/.TinyTeX/texmf-dist/tex/latex/booktabs/booktabs.sty
Package: booktabs 2020/01/12 v1.61803398 Publication quality tables
\heavyrulewidth=\dimen171
\lightrulewidth=\dimen172
\cmidrulewidth=\dimen173
\belowrulesep=\dimen174
\belowbottomsep=\dimen175
\aboverulesep=\dimen176
\abovetopsep=\dimen177
\cmidrulesep=\dimen178
\cmidrulekern=\dimen179
\defaultaddspace=\dimen180
\@cmidla=\count307
\@cmidlb=\count308
\@aboverulesep=\dimen181
\@belowrulesep=\dimen182
\@thisruleclass=\count309
\@lastruleclass=\count310
\@thisrulewidth=\dimen183
) (/home/jdl/.TinyTeX/texmf-dist/tex/latex/tools/array.sty
Package: array 2025/06/08 v2.6j Tabular extension package (FMi)
\col@sep=\dimen184
\ar@mcellbox=\box61
\extrarowheight=\dimen185
\NC@list=\toks27
\extratabsurround=\skip59
\backup@length=\skip60
\ar@cellbox=\box62
) (/home/jdl/.TinyTeX/texmf-dist/tex/latex/tools/calc.sty
Package: calc 2025/03/01 v4.3b Infix arithmetic (KKT,FJ)
\calc@Acount=\count311
\calc@Bcount=\count312
\calc@Adimen=\dimen186
\calc@Bdimen=\dimen187
\calc@Askip=\skip61
\calc@Bskip=\skip62
LaTeX Info: Redefining \setlength on input line 86.
LaTeX Info: Redefining \addtolength on input line 87.
\calc@Ccount=\count313
\calc@Cskip=\skip63
) (/home/jdl/.TinyTeX/texmf-dist/tex/latex/mdwtools/footnote.sty
Package: footnote 1997/01/28 1.13 Save footnotes around boxes
\fn@notes=\box63
\fn@width=\dimen188
) (/home/jdl/.TinyTeX/texmf-dist/tex/latex/graphics/graphicx.sty
Package: graphicx 2024/12/31 v1.2e Enhanced LaTeX Graphics (DPC,SPQR)
(/home/jdl/.TinyTeX/texmf-dist/tex/latex/graphics/graphics.sty
Package: graphics 2024/08/06 v1.4g Standard LaTeX Graphics (DPC,SPQR)
(/home/jdl/.TinyTeX/texmf-dist/tex/latex/graphics/trig.sty
Package: trig 2023/12/02 v1.11 sin cos tan (DPC)
) (/home/jdl/.TinyTeX/texmf-dist/tex/latex/graphics-cfg/graphics.cfg
File: graphics.cfg 2016/06/04 v1.11 sample graphics configuration
)
Package graphics Info: Driver file: pdftex.def on input line 106.
)
\Gin@req@height=\dimen189
\Gin@req@width=\dimen190
)
\pandoc@box=\box64
(/home/jdl/.TinyTeX/texmf-dist/tex/latex/caption/caption.sty
Package: caption 2023/08/05 v3.6o Customizing captions (AR)
(/home/jdl/.TinyTeX/texmf-dist/tex/latex/caption/caption3.sty
Package: caption3 2023/07/31 v2.4d caption3 kernel (AR)
\caption@tempdima=\dimen191
\captionmargin=\dimen192
\caption@leftmargin=\dimen193
\caption@rightmargin=\dimen194
\caption@width=\dimen195
\caption@indent=\dimen196
\caption@parindent=\dimen197
\caption@hangindent=\dimen198
Package caption Info: Standard document class detected.
)
\c@caption@flags=\count314
\c@continuedfloat=\count315
Package caption Info: longtable package is loaded.
(/home/jdl/.TinyTeX/texmf-dist/tex/latex/caption/ltcaption.sty
Package: ltcaption 2021/01/08 v1.4c longtable captions (AR)
)) (/home/jdl/.TinyTeX/texmf-dist/tex/latex/float/float.sty
Package: float 2001/11/08 v1.3d Float enhancements (AL)
\c@float@type=\count316
\float@exts=\toks28
\float@box=\box65
\@float@everytoks=\toks29
\@floatcapt=\box66
) (/home/jdl/.TinyTeX/texmf-dist/tex/latex/fancyhdr/fancyhdr.sty
Package: fancyhdr 2025/02/07 v5.2 Extensive control of page headers and footers
\f@nch@headwidth=\skip64
\f@nch@offset@elh=\skip65
\f@nch@offset@erh=\skip66
\f@nch@offset@olh=\skip67
\f@nch@offset@orh=\skip68
\f@nch@offset@elf=\skip69
\f@nch@offset@erf=\skip70
\f@nch@offset@olf=\skip71
\f@nch@offset@orf=\skip72
\f@nch@height=\skip73
\f@nch@footalignment=\skip74
\f@nch@widthL=\skip75
\f@nch@widthC=\skip76
\f@nch@widthR=\skip77
\@temptokenb=\toks30
) (/home/jdl/.TinyTeX/texmf-dist/tex/latex/hanging/hanging.sty
Package: hanging 2009/09/02 v1.2b hanging paragraphs and punctuation
\h@ngcommawd=\skip78
\h@ngfstopwd=\skip79
\h@ngquotewd=\skip80
\h@ngdquotewd=\skip81
\h@ngquerywd=\skip82
\h@ngexclwd=\skip83
\h@ngcolonwd=\skip84
\h@ngscolonwd=\skip85
) (/home/jdl/.TinyTeX/texmf-dist/tex/generic/babel/babel.sty
Package: babel 2025/06/10 v25.10 The multilingual framework for pdfLaTeX, LuaLaTeX and XeLaTeX
\babel@savecnt=\count317
LaTeX Encoding Info:    Redeclaring text command \ij (encoding OT1) on input line 2043.
LaTeX Encoding Info:    Redeclaring text command \IJ (encoding OT1) on input line 2045.
LaTeX Encoding Info:    Redeclaring text command \ij (encoding T1) on input line 2047.
LaTeX Encoding Info:    Redeclaring text command \IJ (encoding T1) on input line 2048.
LaTeX Encoding Info:    Ignoring declaration for text command \ij (encoding ?) on input line 2049.
LaTeX Encoding Info:    Ignoring declaration for text command \IJ (encoding ?) on input line 2051.
LaTeX Encoding Info:    Ignoring declaration for text command \SS (encoding ?) on input line 2076.
\U@D=\dimen199
\l@unhyphenated=\language6
(/home/jdl/.TinyTeX/texmf-dist/tex/generic/babel/txtbabel.def)
\bbl@readstream=\read3
\bbl@dirlevel=\count318
(/home/jdl/.TinyTeX/texmf-dist/tex/generic/babel-spanish/spanish.ldf
Language: spanish.ldf 2021/05/27 v5.0q Spanish support from the babel system
(/home/jdl/.TinyTeX/texmf-dist/tex/generic/babel/locale/es/babel-spanish.tex
Package babel Info: Importing font and identification data for spanish
(babel)             from babel-es.ini. Reported on input line 12.
)
\es@quottoks=\toks31
\es@quotdepth=\count319
Package babel Info: Making " an active character on input line 570.
Package babel Info: Making . an active character on input line 675.
Package babel Info: Making < an active character on input line 722.
Package babel Info: Making > an active character on input line 722.
))
LaTeX Encoding Info:    Redeclaring text command \guillemotleft (encoding OT1) on input line 110.
LaTeX Encoding Info:    Redeclaring text command \guillemotright (encoding OT1) on input line 110.
(/home/jdl/.TinyTeX/texmf-dist/tex/latex/csquotes/csquotes.sty
Package: csquotes 2024-04-04 v5.2o context-sensitive quotations (JAW)
\csq@reset=\count320
\csq@gtype=\count321
\csq@glevel=\count322
\csq@qlevel=\count323
\csq@maxlvl=\count324
\csq@tshold=\count325
\csq@ltx@everypar=\toks32
(/home/jdl/.TinyTeX/texmf-dist/tex/latex/csquotes/csquotes.def
File: csquotes.def 2024-04-04 v5.2o csquotes generic definitions (JAW)
)
Package csquotes Info: Trying to load configuration file 'csquotes.cfg'...
Package csquotes Info: ... configuration file loaded successfully.
(/home/jdl/.TinyTeX/texmf-dist/tex/latex/csquotes/csquotes.cfg
File: csquotes.cfg 
)) (/home/jdl/.TinyTeX/texmf-dist/tex/latex/biblatex/biblatex.sty
Package: biblatex 2024/03/21 v3.20 programmable bibliographies (PK/MW)
(/home/jdl/.TinyTeX/texmf-dist/tex/generic/pdftexcmds/pdftexcmds.sty
Package: pdftexcmds 2020-06-27 v0.33 Utility functions of pdfTeX for LuaTeX (HO)
(/home/jdl/.TinyTeX/texmf-dist/tex/generic/infwarerr/infwarerr.sty
Package: infwarerr 2019/12/03 v1.5 Providing info/warning/error messages (HO)
)
Package pdftexcmds Info: \pdf@primitive is available.
Package pdftexcmds Info: \pdf@ifprimitive is available.
Package pdftexcmds Info: \pdfdraftmode found.
) (/home/jdl/.TinyTeX/texmf-dist/tex/latex/logreq/logreq.sty
Package: logreq 2010/08/04 v1.0 xml request logger
\lrq@indent=\count326
(/home/jdl/.TinyTeX/texmf-dist/tex/latex/logreq/logreq.def
File: logreq.def 2010/08/04 v1.0 logreq spec v1.0
)) (/home/jdl/.TinyTeX/texmf-dist/tex/latex/base/ifthen.sty
Package: ifthen 2024/03/16 v1.1e Standard LaTeX ifthen package (DPC)
) (/home/jdl/.TinyTeX/texmf-dist/tex/latex/url/url.sty
\Urlmuskip=\muskip18
Package: url 2013/09/16  ver 3.4  Verb mode for urls, etc.
)
\c@tabx@nest=\count327
\c@listtotal=\count328
\c@listcount=\count329
\c@liststart=\count330
\c@liststop=\count331
\c@citecount=\count332
\c@citetotal=\count333
\c@multicitecount=\count334
\c@multicitetotal=\count335
\c@instcount=\count336
\c@maxnames=\count337
\c@minnames=\count338
\c@maxitems=\count339
\c@minitems=\count340
\c@citecounter=\count341
\c@maxcitecounter=\count342
\c@savedcitecounter=\count343
\c@uniquelist=\count344
\c@uniquename=\count345
\c@refsection=\count346
\c@refsegment=\count347
\c@maxextratitle=\count348
\c@maxextratitleyear=\count349
\c@maxextraname=\count350
\c@maxextradate=\count351
\c@maxextraalpha=\count352
\c@abbrvpenalty=\count353
\c@highnamepenalty=\count354
\c@lownamepenalty=\count355
\c@maxparens=\count356
\c@parenlevel=\count357
\blx@tempcnta=\count358
\blx@tempcntb=\count359
\blx@tempcntc=\count360
\c@blx@maxsection=\count361
\blx@maxsegment@0=\count362
\blx@notetype=\count363
\blx@parenlevel@text=\count364
\blx@parenlevel@foot=\count365
\blx@sectionciteorder@0=\count366
\blx@sectionciteorderinternal@0=\count367
\blx@entrysetcounter=\count368
\blx@biblioinstance=\count369
\labelnumberwidth=\skip86
\labelalphawidth=\skip87
\biblabelsep=\skip88
\bibitemsep=\skip89
\bibnamesep=\skip90
\bibinitsep=\skip91
\bibparsep=\skip92
\bibhang=\skip93
\blx@bcfin=\read4
\blx@bcfout=\write4
\blx@langwohyphens=\language7
\c@mincomprange=\count370
\c@maxcomprange=\count371
\c@mincompwidth=\count372
Package biblatex Info: Trying to load biblatex default data model...
Package biblatex Info: ... file 'blx-dm.def' found.
(/home/jdl/.TinyTeX/texmf-dist/tex/latex/biblatex/blx-dm.def
File: blx-dm.def 2024/03/21 v3.20 biblatex datamodel (PK/MW)
)
Package biblatex Info: Trying to load biblatex style data model...
Package biblatex Info: ... file 'apa.dbx' found.
(/home/jdl/.TinyTeX/texmf-dist/tex/latex/biblatex-apa/apa.dbx
File: apa.dbx 2023/03/20 v9.17 APA biblatex style data model
)
Package biblatex Info: Trying to load biblatex custom data model...
Package biblatex Info: ... file 'biblatex-dm.cfg' not found.
\c@afterword=\count373
\c@savedafterword=\count374
\c@annotator=\count375
\c@savedannotator=\count376
\c@author=\count377
\c@savedauthor=\count378
\c@bookauthor=\count379
\c@savedbookauthor=\count380
\c@commentator=\count381
\c@savedcommentator=\count382
\c@editor=\count383
\c@savededitor=\count384
\c@editora=\count385
\c@savededitora=\count386
\c@editorb=\count387
\c@savededitorb=\count388
\c@editorc=\count389
\c@savededitorc=\count390
\c@foreword=\count391
\c@savedforeword=\count392
\c@holder=\count393
\c@savedholder=\count394
\c@introduction=\count395
\c@savedintroduction=\count396
\c@namea=\count397
\c@savednamea=\count398
\c@nameb=\count399
\c@savednameb=\count400
\c@namec=\count401
\c@savednamec=\count402
\c@translator=\count403
\c@savedtranslator=\count404
\c@shortauthor=\count405
\c@savedshortauthor=\count406
\c@shorteditor=\count407
\c@savedshorteditor=\count408
\c@narrator=\count409
\c@savednarrator=\count410
\c@execproducer=\count411
\c@savedexecproducer=\count412
\c@execdirector=\count413
\c@savedexecdirector=\count414
\c@with=\count415
\c@savedwith=\count416
\c@labelname=\count417
\c@savedlabelname=\count418
\c@institution=\count419
\c@savedinstitution=\count420
\c@lista=\count421
\c@savedlista=\count422
\c@listb=\count423
\c@savedlistb=\count424
\c@listc=\count425
\c@savedlistc=\count426
\c@listd=\count427
\c@savedlistd=\count428
\c@liste=\count429
\c@savedliste=\count430
\c@listf=\count431
\c@savedlistf=\count432
\c@location=\count433
\c@savedlocation=\count434
\c@organization=\count435
\c@savedorganization=\count436
\c@origlocation=\count437
\c@savedoriglocation=\count438
\c@origpublisher=\count439
\c@savedorigpublisher=\count440
\c@publisher=\count441
\c@savedpublisher=\count442
\c@language=\count443
\c@savedlanguage=\count444
\c@origlanguage=\count445
\c@savedoriglanguage=\count446
\c@citation=\count447
\c@savedcitation=\count448
\c@pageref=\count449
\c@savedpageref=\count450
\shorthandwidth=\skip94
\shortjournalwidth=\skip95
\shortserieswidth=\skip96
\shorttitlewidth=\skip97
\shortauthorwidth=\skip98
\shorteditorwidth=\skip99
\locallabelnumberwidth=\skip100
\locallabelalphawidth=\skip101
\localshorthandwidth=\skip102
\localshortjournalwidth=\skip103
\localshortserieswidth=\skip104
\localshorttitlewidth=\skip105
\localshortauthorwidth=\skip106
\localshorteditorwidth=\skip107
Package biblatex Info: Trying to load compatibility code...
Package biblatex Info: ... file 'blx-compat.def' found.
(/home/jdl/.TinyTeX/texmf-dist/tex/latex/biblatex/blx-compat.def
File: blx-compat.def 2024/03/21 v3.20 biblatex compatibility (PK/MW)
)
Package biblatex Info: Trying to load generic definitions...
Package biblatex Info: ... file 'biblatex.def' found.
(/home/jdl/.TinyTeX/texmf-dist/tex/latex/biblatex/biblatex.def
File: biblatex.def 2024/03/21 v3.20 biblatex compatibility (PK/MW)
\c@textcitecount=\count451
\c@textcitetotal=\count452
\c@textcitemaxnames=\count453
\c@biburlbigbreakpenalty=\count454
\c@biburlbreakpenalty=\count455
\c@biburlnumpenalty=\count456
\c@biburlucpenalty=\count457
\c@biburllcpenalty=\count458
\biburlbigskip=\muskip19
\biburlnumskip=\muskip20
\biburlucskip=\muskip21
\biburllcskip=\muskip22
\c@smartand=\count459
)
Package biblatex Info: Trying to load bibliography style 'apa'...
Package biblatex Info: ... file 'apa.bbx' found.
(/home/jdl/.TinyTeX/texmf-dist/tex/latex/biblatex-apa/apa.bbx
File: apa.bbx 2023/03/20 v9.17 APA biblatex references style
Package biblatex Info: Trying to load bibliography style 'standard'...
Package biblatex Info: ... file 'standard.bbx' found.
(/home/jdl/.TinyTeX/texmf-dist/tex/latex/biblatex/bbx/standard.bbx
File: standard.bbx 2024/03/21 v3.20 biblatex bibliography style (PK/MW)
\c@bbx:relatedcount=\count460
\c@bbx:relatedtotal=\count461
)
Package biblatex Info: Delimiter 'nameyeardelim' in context 'bib' already defined, overwriting.
Package biblatex Info: Delimiter 'nameyeardelim' in context 'biblist' already defined, overwriting.
Package biblatex Info: Delimiter 'nonameyeardelim' in context 'bib' already defined, overwriting.
Package biblatex Info: Delimiter 'nonameyeardelim' in context 'biblist' already defined, overwriting.
)
Package biblatex Info: Trying to load citation style 'apa'...
Package biblatex Info: ... file 'apa.cbx' found.
(/home/jdl/.TinyTeX/texmf-dist/tex/latex/biblatex-apa/apa.cbx
File: apa.cbx 2023/03/20 v9.17 APA biblatex citation style
Package biblatex Info: Delimiter 'nameyeardelim' in context '' already defined, overwriting.
Package biblatex Info: Delimiter 'andothersdelim' in context '' already defined, overwriting.
Package biblatex Info: Redefining '\fullcite'.
Package biblatex Info: Redefining '\citeauthor'.
Package biblatex Info: Redefining '\citeyear'.
Package biblatex Info: Redefining '\cite'.
Package biblatex Info: Redefining '\cites'.
Package biblatex Info: Redefining '\parencite'.
Package biblatex Info: Redefining '\parencites'.
Package biblatex Info: Redefining '\footcite'.
Package biblatex Info: Redefining '\footcites'.
Package biblatex Info: Redefining '\footcitetext'.
Package biblatex Info: Redefining '\footcitetexts'.
Package biblatex Info: Redefining '\smartcite'.
Package biblatex Info: Redefining '\smartcites'.
Package biblatex Info: Redefining '\textcite'.
Package biblatex Info: Redefining '\textcites'.
)
Package biblatex Info: Trying to load configuration file...
Package biblatex Info: ... file 'biblatex.cfg' found.
(/home/jdl/.TinyTeX/texmf-dist/tex/latex/biblatex/biblatex.cfg
File: biblatex.cfg 
)
Package biblatex Info: Input encoding 'utf8' detected.
Package biblatex Info: Document encoding is UTF8 ....
(/home/jdl/.TinyTeX/texmf-dist/tex/latex/l3kernel/expl3.sty
Package: expl3 2025-06-09 L3 programming layer (loader) 
(/home/jdl/.TinyTeX/texmf-dist/tex/latex/l3backend/l3backend-pdftex.def
File: l3backend-pdftex.def 2025-06-09 L3 backend support: PDF output (pdfTeX)
\l__color_backend_stack_int=\count462
))
Package biblatex Info: ... and expl3
(biblatex)             2025-06-09 L3 programming layer (loader) 
(biblatex)             is new enough (at least 2020/04/06),
(biblatex)             setting 'casechanger=expl3'.
(/home/jdl/.TinyTeX/texmf-dist/tex/latex/biblatex/blx-case-expl3.sty (/home/jdl/.TinyTeX/texmf-dist/tex/latex/l3packages/xparse/xparse.sty
Package: xparse 2024-08-16 L3 Experimental document command parser
)
Package: blx-case-expl3 2024/03/21 v3.20 expl3 case changing code for biblatex
)) (/home/jdl/.TinyTeX/texmf-dist/tex/latex/amscls/amsthm.sty
Package: amsthm 2020/05/29 v2.20.6
\thm@style=\toks33
\thm@bodyfont=\toks34
\thm@headfont=\toks35
\thm@notefont=\toks36
\thm@headpunct=\toks37
\thm@preskip=\skip108
\thm@postskip=\skip109
\thm@headsep=\skip110
\dth@everypar=\toks38
) (/home/jdl/.TinyTeX/texmf-dist/tex/latex/pgf/frontendlayer/tikz.sty (/home/jdl/.TinyTeX/texmf-dist/tex/latex/pgf/basiclayer/pgf.sty (/home/jdl/.TinyTeX/texmf-dist/tex/latex/pgf/utilities/pgfrcs.sty (/home/jdl/.TinyTeX/texmf-dist/tex/generic/pgf/utilities/pgfutil-common.tex
\pgfutil@everybye=\toks39
\pgfutil@tempdima=\dimen256
\pgfutil@tempdimb=\dimen257
) (/home/jdl/.TinyTeX/texmf-dist/tex/generic/pgf/utilities/pgfutil-latex.def
\pgfutil@abb=\box67
) (/home/jdl/.TinyTeX/texmf-dist/tex/generic/pgf/utilities/pgfrcs.code.tex (/home/jdl/.TinyTeX/texmf-dist/tex/generic/pgf/pgf.revision.tex)
Package: pgfrcs 2023-01-15 v3.1.10 (3.1.10)
))
Package: pgf 2023-01-15 v3.1.10 (3.1.10)
(/home/jdl/.TinyTeX/texmf-dist/tex/latex/pgf/basiclayer/pgfcore.sty (/home/jdl/.TinyTeX/texmf-dist/tex/latex/pgf/systemlayer/pgfsys.sty (/home/jdl/.TinyTeX/texmf-dist/tex/generic/pgf/systemlayer/pgfsys.code.tex
Package: pgfsys 2023-01-15 v3.1.10 (3.1.10)
(/home/jdl/.TinyTeX/texmf-dist/tex/generic/pgf/utilities/pgfkeys.code.tex
\pgfkeys@pathtoks=\toks40
\pgfkeys@temptoks=\toks41
(/home/jdl/.TinyTeX/texmf-dist/tex/generic/pgf/utilities/pgfkeyslibraryfiltered.code.tex
\pgfkeys@tmptoks=\toks42
))
\pgf@x=\dimen258
\pgf@y=\dimen259
\pgf@xa=\dimen260
\pgf@ya=\dimen261
\pgf@xb=\dimen262
\pgf@yb=\dimen263
\pgf@xc=\dimen264
\pgf@yc=\dimen265
\pgf@xd=\dimen266
\pgf@yd=\dimen267
\w@pgf@writea=\write5
\r@pgf@reada=\read5
\c@pgf@counta=\count463
\c@pgf@countb=\count464
\c@pgf@countc=\count465
\c@pgf@countd=\count466
\t@pgf@toka=\toks43
\t@pgf@tokb=\toks44
\t@pgf@tokc=\toks45
\pgf@sys@id@count=\count467
(/home/jdl/.TinyTeX/texmf-dist/tex/generic/pgf/systemlayer/pgf.cfg
File: pgf.cfg 2023-01-15 v3.1.10 (3.1.10)
)
Driver file for pgf: pgfsys-pdftex.def
(/home/jdl/.TinyTeX/texmf-dist/tex/generic/pgf/systemlayer/pgfsys-pdftex.def
File: pgfsys-pdftex.def 2023-01-15 v3.1.10 (3.1.10)
(/home/jdl/.TinyTeX/texmf-dist/tex/generic/pgf/systemlayer/pgfsys-common-pdf.def
File: pgfsys-common-pdf.def 2023-01-15 v3.1.10 (3.1.10)
))) (/home/jdl/.TinyTeX/texmf-dist/tex/generic/pgf/systemlayer/pgfsyssoftpath.code.tex
File: pgfsyssoftpath.code.tex 2023-01-15 v3.1.10 (3.1.10)
\pgfsyssoftpath@smallbuffer@items=\count468
\pgfsyssoftpath@bigbuffer@items=\count469
) (/home/jdl/.TinyTeX/texmf-dist/tex/generic/pgf/systemlayer/pgfsysprotocol.code.tex
File: pgfsysprotocol.code.tex 2023-01-15 v3.1.10 (3.1.10)
)) (/home/jdl/.TinyTeX/texmf-dist/tex/generic/pgf/basiclayer/pgfcore.code.tex
Package: pgfcore 2023-01-15 v3.1.10 (3.1.10)
(/home/jdl/.TinyTeX/texmf-dist/tex/generic/pgf/math/pgfmath.code.tex (/home/jdl/.TinyTeX/texmf-dist/tex/generic/pgf/math/pgfmathutil.code.tex) (/home/jdl/.TinyTeX/texmf-dist/tex/generic/pgf/math/pgfmathparser.code.tex
\pgfmath@dimen=\dimen268
\pgfmath@count=\count470
\pgfmath@box=\box68
\pgfmath@toks=\toks46
\pgfmath@stack@operand=\toks47
\pgfmath@stack@operation=\toks48
) (/home/jdl/.TinyTeX/texmf-dist/tex/generic/pgf/math/pgfmathfunctions.code.tex) (/home/jdl/.TinyTeX/texmf-dist/tex/generic/pgf/math/pgfmathfunctions.basic.code.tex) (/home/jdl/.TinyTeX/texmf-dist/tex/generic/pgf/math/pgfmathfunctions.trigonometric.code.tex) (/home/jdl/.TinyTeX/texmf-dist/tex/generic/pgf/math/pgfmathfunctions.random.code.tex) (/home/jdl/.TinyTeX/texmf-dist/tex/generic/pgf/math/pgfmathfunctions.comparison.code.tex) (/home/jdl/.TinyTeX/texmf-dist/tex/generic/pgf/math/pgfmathfunctions.base.code.tex) (/home/jdl/.TinyTeX/texmf-dist/tex/generic/pgf/math/pgfmathfunctions.round.code.tex) (/home/jdl/.TinyTeX/texmf-dist/tex/generic/pgf/math/pgfmathfunctions.misc.code.tex) (/home/jdl/.TinyTeX/texmf-dist/tex/generic/pgf/math/pgfmathfunctions.integerarithmetics.code.tex) (/home/jdl/.TinyTeX/texmf-dist/tex/generic/pgf/math/pgfmathcalc.code.tex) (/home/jdl/.TinyTeX/texmf-dist/tex/generic/pgf/math/pgfmathfloat.code.tex
\c@pgfmathroundto@lastzeros=\count471
)) (/home/jdl/.TinyTeX/texmf-dist/tex/generic/pgf/math/pgfint.code.tex) (/home/jdl/.TinyTeX/texmf-dist/tex/generic/pgf/basiclayer/pgfcorepoints.code.tex
File: pgfcorepoints.code.tex 2023-01-15 v3.1.10 (3.1.10)
\pgf@picminx=\dimen269
\pgf@picmaxx=\dimen270
\pgf@picminy=\dimen271
\pgf@picmaxy=\dimen272
\pgf@pathminx=\dimen273
\pgf@pathmaxx=\dimen274
\pgf@pathminy=\dimen275
\pgf@pathmaxy=\dimen276
\pgf@xx=\dimen277
\pgf@xy=\dimen278
\pgf@yx=\dimen279
\pgf@yy=\dimen280
\pgf@zx=\dimen281
\pgf@zy=\dimen282
) (/home/jdl/.TinyTeX/texmf-dist/tex/generic/pgf/basiclayer/pgfcorepathconstruct.code.tex
File: pgfcorepathconstruct.code.tex 2023-01-15 v3.1.10 (3.1.10)
\pgf@path@lastx=\dimen283
\pgf@path@lasty=\dimen284
) (/home/jdl/.TinyTeX/texmf-dist/tex/generic/pgf/basiclayer/pgfcorepathusage.code.tex
File: pgfcorepathusage.code.tex 2023-01-15 v3.1.10 (3.1.10)
\pgf@shorten@end@additional=\dimen285
\pgf@shorten@start@additional=\dimen286
) (/home/jdl/.TinyTeX/texmf-dist/tex/generic/pgf/basiclayer/pgfcorescopes.code.tex
File: pgfcorescopes.code.tex 2023-01-15 v3.1.10 (3.1.10)
\pgfpic=\box69
\pgf@hbox=\box70
\pgf@layerbox@main=\box71
\pgf@picture@serial@count=\count472
) (/home/jdl/.TinyTeX/texmf-dist/tex/generic/pgf/basiclayer/pgfcoregraphicstate.code.tex
File: pgfcoregraphicstate.code.tex 2023-01-15 v3.1.10 (3.1.10)
\pgflinewidth=\dimen287
) (/home/jdl/.TinyTeX/texmf-dist/tex/generic/pgf/basiclayer/pgfcoretransformations.code.tex
File: pgfcoretransformations.code.tex 2023-01-15 v3.1.10 (3.1.10)
\pgf@pt@x=\dimen288
\pgf@pt@y=\dimen289
\pgf@pt@temp=\dimen290
) (/home/jdl/.TinyTeX/texmf-dist/tex/generic/pgf/basiclayer/pgfcorequick.code.tex
File: pgfcorequick.code.tex 2023-01-15 v3.1.10 (3.1.10)
) (/home/jdl/.TinyTeX/texmf-dist/tex/generic/pgf/basiclayer/pgfcoreobjects.code.tex
File: pgfcoreobjects.code.tex 2023-01-15 v3.1.10 (3.1.10)
) (/home/jdl/.TinyTeX/texmf-dist/tex/generic/pgf/basiclayer/pgfcorepathprocessing.code.tex
File: pgfcorepathprocessing.code.tex 2023-01-15 v3.1.10 (3.1.10)
) (/home/jdl/.TinyTeX/texmf-dist/tex/generic/pgf/basiclayer/pgfcorearrows.code.tex
File: pgfcorearrows.code.tex 2023-01-15 v3.1.10 (3.1.10)
\pgfarrowsep=\dimen291
) (/home/jdl/.TinyTeX/texmf-dist/tex/generic/pgf/basiclayer/pgfcoreshade.code.tex
File: pgfcoreshade.code.tex 2023-01-15 v3.1.10 (3.1.10)
\pgf@max=\dimen292
\pgf@sys@shading@range@num=\count473
\pgf@shadingcount=\count474
) (/home/jdl/.TinyTeX/texmf-dist/tex/generic/pgf/basiclayer/pgfcoreimage.code.tex
File: pgfcoreimage.code.tex 2023-01-15 v3.1.10 (3.1.10)
) (/home/jdl/.TinyTeX/texmf-dist/tex/generic/pgf/basiclayer/pgfcoreexternal.code.tex
File: pgfcoreexternal.code.tex 2023-01-15 v3.1.10 (3.1.10)
\pgfexternal@startupbox=\box72
) (/home/jdl/.TinyTeX/texmf-dist/tex/generic/pgf/basiclayer/pgfcorelayers.code.tex
File: pgfcorelayers.code.tex 2023-01-15 v3.1.10 (3.1.10)
) (/home/jdl/.TinyTeX/texmf-dist/tex/generic/pgf/basiclayer/pgfcoretransparency.code.tex
File: pgfcoretransparency.code.tex 2023-01-15 v3.1.10 (3.1.10)
) (/home/jdl/.TinyTeX/texmf-dist/tex/generic/pgf/basiclayer/pgfcorepatterns.code.tex
File: pgfcorepatterns.code.tex 2023-01-15 v3.1.10 (3.1.10)
) (/home/jdl/.TinyTeX/texmf-dist/tex/generic/pgf/basiclayer/pgfcorerdf.code.tex
File: pgfcorerdf.code.tex 2023-01-15 v3.1.10 (3.1.10)
))) (/home/jdl/.TinyTeX/texmf-dist/tex/generic/pgf/modules/pgfmoduleshapes.code.tex
File: pgfmoduleshapes.code.tex 2023-01-15 v3.1.10 (3.1.10)
\pgfnodeparttextbox=\box73
) (/home/jdl/.TinyTeX/texmf-dist/tex/generic/pgf/modules/pgfmoduleplot.code.tex
File: pgfmoduleplot.code.tex 2023-01-15 v3.1.10 (3.1.10)
) (/home/jdl/.TinyTeX/texmf-dist/tex/latex/pgf/compatibility/pgfcomp-version-0-65.sty
Package: pgfcomp-version-0-65 2023-01-15 v3.1.10 (3.1.10)
\pgf@nodesepstart=\dimen293
\pgf@nodesepend=\dimen294
) (/home/jdl/.TinyTeX/texmf-dist/tex/latex/pgf/compatibility/pgfcomp-version-1-18.sty
Package: pgfcomp-version-1-18 2023-01-15 v3.1.10 (3.1.10)
)) (/home/jdl/.TinyTeX/texmf-dist/tex/latex/pgf/utilities/pgffor.sty (/home/jdl/.TinyTeX/texmf-dist/tex/latex/pgf/utilities/pgfkeys.sty (/home/jdl/.TinyTeX/texmf-dist/tex/generic/pgf/utilities/pgfkeys.code.tex)) (/home/jdl/.TinyTeX/texmf-dist/tex/latex/pgf/math/pgfmath.sty (/home/jdl/.TinyTeX/texmf-dist/tex/generic/pgf/math/pgfmath.code.tex)) (/home/jdl/.TinyTeX/texmf-dist/tex/generic/pgf/utilities/pgffor.code.tex
Package: pgffor 2023-01-15 v3.1.10 (3.1.10)
\pgffor@iter=\dimen295
\pgffor@skip=\dimen296
\pgffor@stack=\toks49
\pgffor@toks=\toks50
)) (/home/jdl/.TinyTeX/texmf-dist/tex/generic/pgf/frontendlayer/tikz/tikz.code.tex
Package: tikz 2023-01-15 v3.1.10 (3.1.10)
(/home/jdl/.TinyTeX/texmf-dist/tex/generic/pgf/libraries/pgflibraryplothandlers.code.tex
File: pgflibraryplothandlers.code.tex 2023-01-15 v3.1.10 (3.1.10)
\pgf@plot@mark@count=\count475
\pgfplotmarksize=\dimen297
)
\tikz@lastx=\dimen298
\tikz@lasty=\dimen299
\tikz@lastxsaved=\dimen300
\tikz@lastysaved=\dimen301
\tikz@lastmovetox=\dimen302
\tikz@lastmovetoy=\dimen303
\tikzleveldistance=\dimen304
\tikzsiblingdistance=\dimen305
\tikz@figbox=\box74
\tikz@figbox@bg=\box75
\tikz@tempbox=\box76
\tikz@tempbox@bg=\box77
\tikztreelevel=\count476
\tikznumberofchildren=\count477
\tikznumberofcurrentchild=\count478
\tikz@fig@count=\count479
(/home/jdl/.TinyTeX/texmf-dist/tex/generic/pgf/modules/pgfmodulematrix.code.tex
File: pgfmodulematrix.code.tex 2023-01-15 v3.1.10 (3.1.10)
\pgfmatrixcurrentrow=\count480
\pgfmatrixcurrentcolumn=\count481
\pgf@matrix@numberofcolumns=\count482
)
\tikz@expandcount=\count483
(/home/jdl/.TinyTeX/texmf-dist/tex/generic/pgf/frontendlayer/tikz/libraries/tikzlibrarytopaths.code.tex
File: tikzlibrarytopaths.code.tex 2023-01-15 v3.1.10 (3.1.10)
))) (/home/jdl/.TinyTeX/texmf-dist/tex/latex/lipsum/lipsum.sty (/home/jdl/.TinyTeX/texmf-dist/tex/latex/l3packages/l3keys2e/l3keys2e.sty
Package: l3keys2e 2024-08-16 LaTeX2e option processing using LaTeX3 keys
)
Package: lipsum 2021-09-20 v2.7 150 paragraphs of Lorem Ipsum dummy text
\g__lipsum_par_int=\count484
\l__lipsum_a_int=\count485
\l__lipsum_b_int=\count486
(/home/jdl/.TinyTeX/texmf-dist/tex/latex/lipsum/lipsum.ltd.tex)) (/home/jdl/.TinyTeX/texmf-dist/tex/latex/arydshln/arydshln.sty
Package: arydshln 2019/02/21 v1.76 
\dashlinedash=\dimen306
\dashlinegap=\dimen307
\adl@box=\box78
\adl@height=\dimen308
\adl@heightsave=\dimen309
\adl@depth=\dimen310
\adl@depthsave=\dimen311
\adl@finaldepth=\dimen312
\adl@columns=\count487
\adl@ncol=\count488
\adl@currentcolumn=\count489
\adl@currentcolumnsave=\count490
\adl@totalheight=\count491
\adl@totalheightsave=\count492
\adl@dash=\count493
\adl@gap=\count494
\adl@cla=\count495
\adl@clb=\count496
\adl@everyvbox=\toks51
\adl@LTpagetotal=\dimen313
)
==> First Aid for arydshln.sty applied!
(/home/jdl/.TinyTeX/texmf-dist/tex/latex/tools/multicol.sty
Package: multicol 2025/05/25 v2.0a multicolumn formatting (FMi)
\c@tracingmulticols=\count497
\mult@box=\box79
\multicol@leftmargin=\dimen314
\c@unbalance=\count498
\c@collectmore=\count499
\doublecol@number=\count500
\multicoltolerance=\count501
\multicolpretolerance=\count502
\full@width=\dimen315
\page@free=\dimen316
\premulticols=\dimen317
\postmulticols=\dimen318
\multicolsep=\skip111
\multicolbaselineskip=\skip112
\partial@page=\box80
\last@line=\box81
\mc@boxedresult=\box82
\maxbalancingoverflow=\dimen319
\mult@rightbox=\box83
\mult@grightbox=\box84
\mult@firstbox=\box85
\mult@gfirstbox=\box86
\@tempa=\box87
\@tempa=\box88
\@tempa=\box89
\@tempa=\box90
\@tempa=\box91
\@tempa=\box92
\@tempa=\box93
\@tempa=\box94
\@tempa=\box95
\@tempa=\box96
\@tempa=\box97
\@tempa=\box98
\@tempa=\box99
\@tempa=\box100
\@tempa=\box101
\@tempa=\box102
\@tempa=\box103
\@tempa=\box104
\@tempa=\box105
\@tempa=\box106
\@tempa=\box107
\@tempa=\box108
\@tempa=\box109
\@tempa=\box110
\@tempa=\box111
\@tempa=\box112
\@tempa=\box113
\@tempa=\box114
\@tempa=\box115
\@tempa=\box116
\@tempa=\box117
\@tempa=\box118
\@tempa=\box119
\@tempa=\box120
\@tempa=\box121
\@tempa=\box122
\c@minrows=\count503
\c@columnbadness=\count504
\c@finalcolumnbadness=\count505
\last@try=\dimen320
\multicolovershoot=\dimen321
\multicolundershoot=\dimen322
\mult@nat@firstbox=\box123
\colbreak@box=\box124
\mc@col@check@num=\count506
\g__mc_curr_col_int=\count507
) (/home/jdl/.TinyTeX/texmf-dist/tex/latex/orcidlink/orcidlink.sty
Package: orcidlink 2024/06/26 v1.1.0 Support ORCID's three different ID formats.
(/home/jdl/.TinyTeX/texmf-dist/tex/latex/hyperref/hyperref.sty
Package: hyperref 2025-06-21 v7.01n Hypertext links for LaTeX
(/home/jdl/.TinyTeX/texmf-dist/tex/generic/kvdefinekeys/kvdefinekeys.sty
Package: kvdefinekeys 2019-12-19 v1.6 Define keys (HO)
) (/home/jdl/.TinyTeX/texmf-dist/tex/generic/pdfescape/pdfescape.sty
Package: pdfescape 2019/12/09 v1.15 Implements pdfTeX's escape features (HO)
) (/home/jdl/.TinyTeX/texmf-dist/tex/latex/hycolor/hycolor.sty
Package: hycolor 2020-01-27 v1.10 Color options for hyperref/bookmark (HO)
) (/home/jdl/.TinyTeX/texmf-dist/tex/latex/hyperref/nameref.sty
Package: nameref 2025-06-21 v2.57 Cross-referencing by name of section
(/home/jdl/.TinyTeX/texmf-dist/tex/latex/refcount/refcount.sty
Package: refcount 2019/12/15 v3.6 Data extraction from label references (HO)
) (/home/jdl/.TinyTeX/texmf-dist/tex/generic/gettitlestring/gettitlestring.sty
Package: gettitlestring 2019/12/15 v1.6 Cleanup title references (HO)
)
\c@section@level=\count508
) (/home/jdl/.TinyTeX/texmf-dist/tex/generic/stringenc/stringenc.sty
Package: stringenc 2019/11/29 v1.12 Convert strings between diff. encodings (HO)
)
\@linkdim=\dimen323
\Hy@linkcounter=\count509
\Hy@pagecounter=\count510
(/home/jdl/.TinyTeX/texmf-dist/tex/latex/hyperref/pd1enc.def
File: pd1enc.def 2025-06-21 v7.01n Hyperref: PDFDocEncoding definition (HO)
Now handling font encoding PD1 ...
... no UTF-8 mapping file for font encoding PD1
) (/home/jdl/.TinyTeX/texmf-dist/tex/generic/intcalc/intcalc.sty
Package: intcalc 2019/12/15 v1.3 Expandable calculations with integers (HO)
)
\Hy@SavedSpaceFactor=\count511
(/home/jdl/.TinyTeX/texmf-dist/tex/latex/hyperref/puenc.def
File: puenc.def 2025-06-21 v7.01n Hyperref: PDF Unicode definition (HO)
Now handling font encoding PU ...
... no UTF-8 mapping file for font encoding PU
)
Package hyperref Info: Option `unicode' set `true' on input line 4052.
Package hyperref Info: Hyper figures OFF on input line 4181.
Package hyperref Info: Link nesting OFF on input line 4186.
Package hyperref Info: Hyper index ON on input line 4189.
Package hyperref Info: Plain pages OFF on input line 4196.
Package hyperref Info: Backreferencing OFF on input line 4201.
Package hyperref Info: Implicit mode ON; LaTeX internals redefined.
Package hyperref Info: Bookmarks ON on input line 4448.
\c@Hy@tempcnt=\count512
LaTeX Info: Redefining \url on input line 4787.
\XeTeXLinkMargin=\dimen324
(/home/jdl/.TinyTeX/texmf-dist/tex/generic/bitset/bitset.sty
Package: bitset 2019/12/09 v1.3 Handle bit-vector datatype (HO)
(/home/jdl/.TinyTeX/texmf-dist/tex/generic/bigintcalc/bigintcalc.sty
Package: bigintcalc 2019/12/15 v1.5 Expandable calculations on big integers (HO)
))
\Fld@menulength=\count513
\Field@Width=\dimen325
\Fld@charsize=\dimen326
Package hyperref Info: Hyper figures OFF on input line 6066.
Package hyperref Info: Link nesting OFF on input line 6071.
Package hyperref Info: Hyper index ON on input line 6074.
Package hyperref Info: backreferencing OFF on input line 6081.
Package hyperref Info: Link coloring OFF on input line 6086.
Package hyperref Info: Link coloring with OCG OFF on input line 6091.
Package hyperref Info: PDF/A mode OFF on input line 6096.
\Hy@abspage=\count514
\c@Item=\count515
\c@Hfootnote=\count516
)
Package hyperref Info: Driver (autodetected): hpdftex.
(/home/jdl/.TinyTeX/texmf-dist/tex/latex/hyperref/hpdftex.def
File: hpdftex.def 2025-06-21 v7.01n Hyperref driver for pdfTeX
\Fld@listcount=\count517
\c@bookmark@seq@number=\count518
(/home/jdl/.TinyTeX/texmf-dist/tex/latex/rerunfilecheck/rerunfilecheck.sty
Package: rerunfilecheck 2025-06-21 v1.11 Rerun checks for auxiliary files (HO)
(/home/jdl/.TinyTeX/texmf-dist/tex/generic/uniquecounter/uniquecounter.sty
Package: uniquecounter 2019/12/15 v1.4 Provide unlimited unique counter (HO)
)
Package uniquecounter Info: New unique counter `rerunfilecheck' on input line 284.
)
\Hy@SectionHShift=\skip113
) (/home/jdl/.TinyTeX/texmf-dist/tex/generic/pgf/frontendlayer/tikz/libraries/tikzlibrarysvg.path.code.tex
File: tikzlibrarysvg.path.code.tex 2023-01-15 v3.1.10 (3.1.10)
(/home/jdl/.TinyTeX/texmf-dist/tex/generic/pgf/libraries/pgflibrarysvg.path.code.tex
File: pgflibrarysvg.path.code.tex 2023-01-15 v3.1.10 (3.1.10)
(/home/jdl/.TinyTeX/texmf-dist/tex/generic/pgf/modules/pgfmoduleparser.code.tex
File: pgfmoduleparser.code.tex 2023-01-15 v3.1.10 (3.1.10)
\pgfparserdef@arg@count=\count519
)
\pgf@lib@svg@last@x=\dimen327
\pgf@lib@svg@last@y=\dimen328
\pgf@lib@svg@last@c@x=\dimen329
\pgf@lib@svg@last@c@y=\dimen330
\pgf@lib@svg@count=\count520
\pgf@lib@svg@max@num=\count521
))
\@curXheight=\skip114
) (/home/jdl/.TinyTeX/texmf-dist/tex/latex/multirow/multirow.sty
Package: multirow 2024/11/12 v2.9 Span multiple rows of a table
\multirow@colwidth=\skip115
\multirow@cntb=\count522
\multirow@dima=\skip116
\bigstrutjot=\dimen331
) (/home/jdl/.TinyTeX/texmf-dist/tex/latex/setspace/setspace.sty
Package: setspace 2022/12/04 v6.7b set line spacing
) (/home/jdl/.TinyTeX/texmf-dist/tex/latex/wrapfig/wrapfig.sty
\wrapoverhang=\dimen332
\WF@size=\dimen333
\c@WF@wrappedlines=\count523
\WF@box=\box125
\WF@everypar=\toks52
Package: wrapfig 2003/01/31  v 3.6
) (/home/jdl/.TinyTeX/texmf-dist/tex/latex/colortbl/colortbl.sty
Package: colortbl 2024/10/29 v1.0k Color table columns (DPC)
\everycr=\toks53
\minrowclearance=\skip117
\rownum=\count524
) (/home/jdl/.TinyTeX/texmf-dist/tex/latex/pdflscape/pdflscape.sty
Package: pdflscape 2025-06-23 v0.14 Display of landscape pages in PDF
(/home/jdl/.TinyTeX/texmf-dist/tex/latex/pdflscape/pdflscape-nometadata.sty
Package: pdflscape-nometadata 2025-06-23 v0.14 Display of landscape pages in PDF (HO)
(/home/jdl/.TinyTeX/texmf-dist/tex/latex/graphics/lscape.sty
Package: lscape 2020/05/28 v3.02 Landscape Pages (DPC)
)
Package pdflscape Info: Auto-detected driver: pdftex on input line 81.
)) (/home/jdl/.TinyTeX/texmf-dist/tex/latex/tabu/tabu.sty
Package: tabu 2019/01/11 v2.9 - flexible LaTeX tabulars (FC+tabu-fixed)
(/home/jdl/.TinyTeX/texmf-dist/tex/latex/varwidth/varwidth.sty
Package: varwidth 2009/03/30 ver 0.92;  Variable-width minipages
\@vwid@box=\box126
\sift@deathcycles=\count525
\@vwid@loff=\dimen334
\@vwid@roff=\dimen335
)
==> First Aid for varwidth.sty applied!
\c@taburow=\count526
\tabu@nbcols=\count527
\tabu@cnt=\count528
\tabu@Xcol=\count529
\tabu@alloc=\count530
\tabu@nested=\count531
\tabu@target=\dimen336
\tabu@spreadtarget=\dimen337
\tabu@naturalX=\dimen338
\tabucolX=\dimen339
\tabu@Xsum=\dimen340
\extrarowdepth=\dimen341
\abovetabulinesep=\dimen342
\belowtabulinesep=\dimen343
\tabustrutrule=\dimen344
\tabu@thebody=\toks54
\tabu@footnotes=\toks55
\tabu@box=\box127
\tabu@arstrutbox=\box128
\tabu@hleads=\box129
\tabu@vleads=\box130
\tabu@cellskip=\skip118
) (/home/jdl/.TinyTeX/texmf-dist/tex/latex/threeparttable/threeparttable.sty
Package: threeparttable 2003/06/13  v 3.0
\@tempboxb=\box131
) (/home/jdl/.TinyTeX/texmf-dist/tex/latex/threeparttablex/threeparttablex.sty
Package: threeparttablex 2013/07/23 v0.3 by daleif
(/home/jdl/.TinyTeX/texmf-dist/tex/latex/environ/environ.sty
Package: environ 2014/05/04 v0.3 A new way to define environments
(/home/jdl/.TinyTeX/texmf-dist/tex/latex/trimspaces/trimspaces.sty
Package: trimspaces 2009/09/17 v1.1 Trim spaces around a token list
))
\TPTL@width=\skip119
) (/home/jdl/.TinyTeX/texmf-dist/tex/generic/ulem/ulem.sty
\UL@box=\box132
\UL@hyphenbox=\box133
\UL@skip=\skip120
\UL@hook=\toks56
\UL@height=\dimen345
\UL@pe=\count532
\UL@pixel=\dimen346
\ULC@box=\box134
Package: ulem 2019/11/18
\ULdepth=\dimen347
) (/home/jdl/.TinyTeX/texmf-dist/tex/latex/makecell/makecell.sty
Package: makecell 2009/08/03 V0.1e Managing of Tab Column Heads and Cells
\rotheadsize=\dimen348
\c@nlinenum=\count533
\TeXr@lab=\toks57
) (/home/jdl/.TinyTeX/texmf-dist/tex/latex/bookmark/bookmark.sty
Package: bookmark 2023-12-10 v1.31 PDF bookmarks (HO)
(/home/jdl/.TinyTeX/texmf-dist/tex/latex/bookmark/bkm-pdftex.def
File: bkm-pdftex.def 2023-12-10 v1.31 bookmark driver for pdfTeX and luaTeX (HO)
\BKM@id=\count534
)) (/home/jdl/.TinyTeX/texmf-dist/tex/latex/xurl/xurl.sty
Package: xurl 2022/01/09 v 0.10 modify URL breaks
xurl: Set penalties for biblatex
)
Package hyperref Info: Option `colorlinks' set `true' on input line 138.
Package csquotes Info: Checking for multilingual support...
Package csquotes Info: ... found 'babel' package.
Package csquotes Info: Adjusting default style.
Package csquotes Info: Redefining alias 'default' -> 'spanish'.
LaTeX Font Info:    Trying to load font information for T1+lmr on input line 151.
(/home/jdl/.TinyTeX/texmf-dist/tex/latex/lm/t1lmr.fd
File: t1lmr.fd 2015/05/01 v1.6.1 Font defs for Latin Modern
) (./Simulacion_Poder.aux
LaTeX Info: Redefining \. on input line 13.
LaTeX Info: Redefining \% on input line 13.
Package babel Info: 'spanish' activates 'spanish' shorthands.
(babel)             Reported  on input line 13.
)
\openout1 = `Simulacion_Poder.aux'.

LaTeX Font Info:    Checking defaults for OML/cmm/m/it on input line 151.
LaTeX Font Info:    ... okay on input line 151.
LaTeX Font Info:    Checking defaults for OMS/cmsy/m/n on input line 151.
LaTeX Font Info:    ... okay on input line 151.
LaTeX Font Info:    Checking defaults for OT1/cmr/m/n on input line 151.
LaTeX Font Info:    ... okay on input line 151.
LaTeX Font Info:    Checking defaults for T1/cmr/m/n on input line 151.
LaTeX Font Info:    ... okay on input line 151.
LaTeX Font Info:    Checking defaults for TS1/cmr/m/n on input line 151.
LaTeX Font Info:    ... okay on input line 151.
LaTeX Font Info:    Checking defaults for OMX/cmex/m/n on input line 151.
LaTeX Font Info:    ... okay on input line 151.
LaTeX Font Info:    Checking defaults for U/cmr/m/n on input line 151.
LaTeX Font Info:    ... okay on input line 151.
LaTeX Font Info:    Checking defaults for PD1/pdf/m/n on input line 151.
LaTeX Font Info:    ... okay on input line 151.
LaTeX Font Info:    Checking defaults for PU/pdf/m/n on input line 151.
LaTeX Font Info:    ... okay on input line 151.
(/home/jdl/.TinyTeX/texmf-dist/tex/latex/epstopdf-pkg/epstopdf-base.sty
Package: epstopdf-base 2020-01-24 v2.11 Base part for package epstopdf
Package epstopdf-base Info: Redefining graphics rule for `.eps' on input line 485.
(/home/jdl/.TinyTeX/texmf-dist/tex/latex/latexconfig/epstopdf-sys.cfg
File: epstopdf-sys.cfg 2010/07/13 v1.3 Configuration of (r)epstopdf for TeX Live
))
*geometry* driver: auto-detecting
*geometry* detected driver: pdftex
*geometry* verbose mode - [ preamble ] result:
* driver: pdftex
* paper: <default>
* layout: <same size as paper>
* layoutoffset:(h,v)=(0.0pt,0.0pt)
* modes: 
* h-part:(L,W,R)=(56.9055pt, 500.484pt, 56.9055pt)
* v-part:(T,H,B)=(56.9055pt, 681.15898pt, 56.9055pt)
* \paperwidth=614.295pt
* \paperheight=794.96999pt
* \textwidth=500.484pt
* \textheight=681.15898pt
* \oddsidemargin=-15.36449pt
* \evensidemargin=-15.36449pt
* \topmargin=-52.36449pt
* \headheight=15.0pt
* \headsep=25.0pt
* \topskip=10.0pt
* \footskip=30.0pt
* \marginparwidth=65.0pt
* \marginparsep=11.0pt
* \columnsep=10.0pt
* \skip\footins=9.0pt plus 4.0pt minus 2.0pt
* \hoffset=0.0pt
* \voffset=0.0pt
* \mag=1000
* \@twocolumnfalse
* \@twosidefalse
* \@mparswitchfalse
* \@reversemarginfalse
* (1in=72.27pt=25.4mm, 1cm=28.453pt)

Package caption Info: Begin \AtBeginDocument code.
Package caption Info: float package is loaded.
Package caption Info: hyperref package is loaded.
Package caption Info: threeparttable package is loaded.
Package caption Info: wrapfig package is loaded.
Package caption Info: End \AtBeginDocument code.
LaTeX Info: Redefining \. on input line 151.
LaTeX Info: Redefining \% on input line 151.
Package biblatex Info: Trying to load language 'spanish' -> 'spanish-apa'...
Package biblatex Info: ... file 'spanish-apa.lbx' found.
(/home/jdl/.TinyTeX/texmf-dist/tex/latex/biblatex-apa/spanish-apa.lbx
File: spanish-apa.lbx 2023/03/20 v9.17 APA biblatex localisation
Package biblatex Info: Trying to load language 'spanish'...
Package biblatex Info: ... file 'spanish.lbx' found.
(/home/jdl/.TinyTeX/texmf-dist/tex/latex/biblatex/lbx/spanish.lbx
File: spanish.lbx 2024/03/21 v3.20 biblatex localization (PK/MW)
)
Package biblatex Info: Trying to load language 'spanish'...
Package biblatex Info: ... file 'spanish.lbx' found.
(/home/jdl/.TinyTeX/texmf-dist/tex/latex/biblatex/lbx/spanish.lbx
File: spanish.lbx 2024/03/21 v3.20 biblatex localization (PK/MW)
))
Package biblatex Info: Input encoding 'utf8' detected.
Package biblatex Info: Automatic encoding selection.
(biblatex)             Assuming data encoding 'utf8'.
\openout4 = `Simulacion_Poder.bcf'.

Package biblatex Info: Trying to load bibliographic data...
Package biblatex Info: ... file 'Simulacion_Poder.bbl' found.
(./Simulacion_Poder.bbl)
Package biblatex Info: Reference section=0 on input line 151.
Package biblatex Info: Reference segment=0 on input line 151.
Package hyperref Info: Link coloring ON on input line 151.
LaTeX Font Info:    Trying to load font information for OT1+lmr on input line 153.
(/home/jdl/.TinyTeX/texmf-dist/tex/latex/lm/ot1lmr.fd
File: ot1lmr.fd 2015/05/01 v1.6.1 Font defs for Latin Modern
)
LaTeX Font Info:    Trying to load font information for OML+lmm on input line 153.
(/home/jdl/.TinyTeX/texmf-dist/tex/latex/lm/omllmm.fd
File: omllmm.fd 2015/05/01 v1.6.1 Font defs for Latin Modern
)
LaTeX Font Info:    Trying to load font information for OMS+lmsy on input line 153.
(/home/jdl/.TinyTeX/texmf-dist/tex/latex/lm/omslmsy.fd
File: omslmsy.fd 2015/05/01 v1.6.1 Font defs for Latin Modern
)
LaTeX Font Info:    Trying to load font information for OMX+lmex on input line 153.
(/home/jdl/.TinyTeX/texmf-dist/tex/latex/lm/omxlmex.fd
File: omxlmex.fd 2015/05/01 v1.6.1 Font defs for Latin Modern
)
LaTeX Font Info:    External font `lmex10' loaded for size
(Font)              <12> on input line 153.
LaTeX Font Info:    External font `lmex10' loaded for size
(Font)              <8> on input line 153.
LaTeX Font Info:    External font `lmex10' loaded for size
(Font)              <6> on input line 153.
LaTeX Font Info:    Trying to load font information for U+msa on input line 153.
(/home/jdl/.TinyTeX/texmf-dist/tex/latex/amsfonts/umsa.fd
File: umsa.fd 2013/01/14 v3.01 AMS symbols A
)
LaTeX Font Info:    Trying to load font information for U+msb on input line 153.
(/home/jdl/.TinyTeX/texmf-dist/tex/latex/amsfonts/umsb.fd
File: umsb.fd 2013/01/14 v3.01 AMS symbols B
)
LaTeX Font Info:    External font `lmex10' loaded for size
(Font)              <10> on input line 154.
LaTeX Font Info:    External font `lmex10' loaded for size
(Font)              <7> on input line 154.
LaTeX Font Info:    External font `lmex10' loaded for size
(Font)              <5> on input line 154.
LaTeX Font Info:    Trying to load font information for TS1+lmr on input line 171.
(/home/jdl/.TinyTeX/texmf-dist/tex/latex/lm/ts1lmr.fd
File: ts1lmr.fd 2015/05/01 v1.6.1 Font defs for Latin Modern
)

[1

{/home/jdl/.TinyTeX/texmf-var/fonts/map/pdftex/updmap/pdftex.map}{/home/jdl/.TinyTeX/texmf-dist/fonts/enc/dvips/lm/lm-ec.enc}{/home/jdl/.TinyTeX/texmf-dist/fonts/enc/dvips/lm/lm-ts1.enc}{/home/jdl/.TinyTeX/texmf-dist/fonts/enc/dvips/lm/lm-mathit.enc}{/home/jdl/.TinyTeX/texmf-dist/fonts/enc/dvips/lm/lm-rm.enc}{/home/jdl/.TinyTeX/texmf-dist/fonts/enc/dvips/lm/lm-mathsy.enc}] (./Simulacion_Poder.toc
LaTeX Info: Redefining \sptext on input line 1.
LaTeX Info: Redefining \. on input line 1.
LaTeX Info: Redefining \% on input line 1.
)
\tf@toc=\write6
\openout6 = `Simulacion_Poder.toc'.

LaTeX Font Info:    Trying to load font information for T1+lmtt on input line 197.
(/home/jdl/.TinyTeX/texmf-dist/tex/latex/lm/t1lmtt.fd
File: t1lmtt.fd 2015/05/01 v1.6.1 Font defs for Latin Modern
)
Overfull \vbox (0.67535pt too high) detected at line 215
 []



[2]
Underfull \hbox (badness 10000) in paragraph at lines 228--230

 []


Underfull \hbox (badness 10000) in paragraph at lines 230--232

 []



[3]

LaTeX Warning: Command \' invalid in math mode on input line 312.

LaTeX Font Info:    Font shape `T1/lmtt/bx/n' in size <10> not available
(Font)              Font shape `T1/lmtt/b/n' tried instead on input line 331.
LaTeX Font Info:    Trying to load font information for TS1+lmtt on input line 343.
(/home/jdl/.TinyTeX/texmf-dist/tex/latex/lm/ts1lmtt.fd
File: ts1lmtt.fd 2015/05/01 v1.6.1 Font defs for Latin Modern
)

[4]
Underfull \vbox (badness 10000) detected at line 408
 []


Underfull \vbox (badness 10000) detected at line 408
 []



[5]

[6]
<Simulacion_Poder_files/figure-latex/unnamed-chunk-4-1.pdf, id=119, 867.24pt x 433.62pt>
File: Simulacion_Poder_files/figure-latex/unnamed-chunk-4-1.pdf Graphic file (type pdf)
<use Simulacion_Poder_files/figure-latex/unnamed-chunk-4-1.pdf>
Package pdftex.def Info: Simulacion_Poder_files/figure-latex/unnamed-chunk-4-1.pdf  used on input line 532.
(pdftex.def)             Requested size: 867.2379pt x 433.61894pt.


[7]

[8 <./Simulacion_Poder_files/figure-latex/unnamed-chunk-4-1.pdf>]

[9]
Underfull \vbox (badness 10000) detected at line 699
 []


Underfull \vbox (badness 10000) detected at line 699
 []



[10]
<Simulacion_Poder_files/figure-latex/unnamed-chunk-7-1.pdf, id=150, 867.24pt x 578.16pt>
File: Simulacion_Poder_files/figure-latex/unnamed-chunk-7-1.pdf Graphic file (type pdf)
<use Simulacion_Poder_files/figure-latex/unnamed-chunk-7-1.pdf>
Package pdftex.def Info: Simulacion_Poder_files/figure-latex/unnamed-chunk-7-1.pdf  used on input line 703.
(pdftex.def)             Requested size: 867.2379pt x 578.15858pt.


[11 <./Simulacion_Poder_files/figure-latex/unnamed-chunk-7-1.pdf>]

[12]
<Simulacion_Poder_files/figure-latex/unnamed-chunk-8-1.pdf, id=168, 867.24pt x 578.16pt>
File: Simulacion_Poder_files/figure-latex/unnamed-chunk-8-1.pdf Graphic file (type pdf)
<use Simulacion_Poder_files/figure-latex/unnamed-chunk-8-1.pdf>
Package pdftex.def Info: Simulacion_Poder_files/figure-latex/unnamed-chunk-8-1.pdf  used on input line 820.
(pdftex.def)             Requested size: 867.2379pt x 578.15858pt.


[13]

[14 <./Simulacion_Poder_files/figure-latex/unnamed-chunk-8-1.pdf>]
Underfull \vbox (badness 10000) detected at line 939
 []


Underfull \vbox (badness 10000) detected at line 939
 []



[15]
<Simulacion_Poder_files/figure-latex/unnamed-chunk-9-1.pdf, id=199, 867.24pt x 361.35pt>
File: Simulacion_Poder_files/figure-latex/unnamed-chunk-9-1.pdf Graphic file (type pdf)
<use Simulacion_Poder_files/figure-latex/unnamed-chunk-9-1.pdf>
Package pdftex.def Info: Simulacion_Poder_files/figure-latex/unnamed-chunk-9-1.pdf  used on input line 943.
(pdftex.def)             Requested size: 867.2379pt x 361.34912pt.


[16 <./Simulacion_Poder_files/figure-latex/unnamed-chunk-9-1.pdf>]
Underfull \vbox (badness 10000) detected at line 1036
 []



[17]
<Simulacion_Poder_files/figure-latex/unnamed-chunk-10-1.pdf, id=216, 867.24pt x 325.215pt>
File: Simulacion_Poder_files/figure-latex/unnamed-chunk-10-1.pdf Graphic file (type pdf)
<use Simulacion_Poder_files/figure-latex/unnamed-chunk-10-1.pdf>
Package pdftex.def Info: Simulacion_Poder_files/figure-latex/unnamed-chunk-10-1.pdf  used on input line 1040.
(pdftex.def)             Requested size: 867.2379pt x 325.2142pt.


[18 <./Simulacion_Poder_files/figure-latex/unnamed-chunk-10-1.pdf>]
Underfull \hbox (badness 4328) in paragraph at lines 1060--1062
\T1/lmr/m/it/10 14)\T1/lmr/m/n/10 , \T1/lmr/m/it/10 tidy-quant(v.1.0.11)\T1/lmr/m/n/10 , \T1/lmr/m/it/10 gg-dist(v.3.3.3)\T1/lmr/m/n/10 , \T1/lmr/m/it/10 lu-bri-da-te(v.1.9.4)\T1/lmr/m/n/10 , \T1/lmr/m/it/10 for-cats(v.1.0.0)\T1/lmr/m/n/10 , \T1/lmr/m/it/10 stringr(v.1.5.1)\T1/lmr/m/n/10 , \T1/lmr/m/it/10 dplyr(v.1.1.4)\T1/lmr/m/n/10 ,
 []


Underfull \hbox (badness 2351) in paragraph at lines 1063--1065
[]\T1/lmr/bx/n/10 loaded via a na-mes-pa-ce (and not at-ta-ched): \T1/lmr/m/it/10 Rd-pack(v.2.6.4)\T1/lmr/m/n/10 , \T1/lmr/m/it/10 gri-dEx-tra(v.2.3)\T1/lmr/m/n/10 , \T1/lmr/m/it/10 sandwich(v.3.1-1)\T1/lmr/m/n/10 ,
 []


Underfull \hbox (badness 4416) in paragraph at lines 1063--1065
\T1/lmr/m/it/10 rlang(v.1.1.6)\T1/lmr/m/n/10 , \T1/lmr/m/it/10 ma-grittr(v.2.0.3)\T1/lmr/m/n/10 , \T1/lmr/m/it/10 multcomp(v.1.4-28)\T1/lmr/m/n/10 , \T1/lmr/m/it/10 com-pi-ler(v.4.5.1)\T1/lmr/m/n/10 , \T1/lmr/m/it/10 sys-tem-fonts(v.1.2.3)\T1/lmr/m/n/10 , \T1/lmr/m/it/10 vctrs(v.0.6.5)\T1/lmr/m/n/10 ,
 []


Underfull \hbox (badness 7925) in paragraph at lines 1063--1065
\T1/lmr/m/it/10 tzdb(v.0.5.0)\T1/lmr/m/n/10 , \T1/lmr/m/it/10 nloptr(v.2.2.1)\T1/lmr/m/n/10 , \T1/lmr/m/it/10 xfun(v.0.52)\T1/lmr/m/n/10 , \T1/lmr/m/it/10 broom(v.1.0.8)\T1/lmr/m/n/10 , \T1/lmr/m/it/10 pa-ra-llel(v.4.5.1)\T1/lmr/m/n/10 , \T1/lmr/m/it/10 R6(v.2.6.1)\T1/lmr/m/n/10 , \T1/lmr/m/it/10 strin-gi(v.1.8.7)\T1/lmr/m/n/10 ,
 []


Underfull \hbox (badness 5908) in paragraph at lines 1063--1065
\T1/lmr/m/it/10 RColorBrewer(v.1.1-3)\T1/lmr/m/n/10 , \T1/lmr/m/it/10 pa-ra-llelly(v.1.45.0)\T1/lmr/m/n/10 , \T1/lmr/m/it/10 car(v.3.1-3)\T1/lmr/m/n/10 , \T1/lmr/m/it/10 boot(v.1.3-31)\T1/lmr/m/n/10 , \T1/lmr/m/it/10 numDeriv(v.2016.8-1.1)\T1/lmr/m/n/10 , \T1/lmr/m/it/10 es-ti-ma-bi-
 []


Underfull \hbox (badness 10000) in paragraph at lines 1063--1065
\T1/lmr/m/it/10 lattice(v.0.22-7)\T1/lmr/m/n/10 , \T1/lmr/m/it/10 withr(v.3.0.2)\T1/lmr/m/n/10 , \T1/lmr/m/it/10 ba-yes-testR(v.0.15.2)\T1/lmr/m/n/10 , \T1/lmr/m/it/10 coda(v.0.19-4.1)\T1/lmr/m/n/10 , \T1/lmr/m/it/10 eva-lua-te(v.1.0.4)\T1/lmr/m/n/10 , \T1/lmr/m/it/10 survival(v.3.8-3)\T1/lmr/m/n/10 ,
 []


Underfull \hbox (badness 3302) in paragraph at lines 1063--1065
\T1/lmr/m/it/10 xml2(v.1.3.8)\T1/lmr/m/n/10 , \T1/lmr/m/it/10 pi-llar(v.1.10.2)\T1/lmr/m/n/10 , \T1/lmr/m/it/10 carData(v.3.0-5)\T1/lmr/m/n/10 , \T1/lmr/m/it/10 re-for-mu-las(v.0.4.0)\T1/lmr/m/n/10 , \T1/lmr/m/it/10 in-sight(v.1.1.0)\T1/lmr/m/n/10 , \T1/lmr/m/it/10 dis-tri-bu-tio-nal(v.0.5.0)\T1/lmr/m/n/10 ,
 []


Underfull \hbox (badness 10000) in paragraph at lines 1063--1065
\T1/lmr/m/it/10 tools(v.4.5.1)\T1/lmr/m/n/10 , \T1/lmr/m/it/10 gg-sig-nif(v.0.6.4)\T1/lmr/m/n/10 , \T1/lmr/m/it/10 mvtnorm(v.1.3-3)\T1/lmr/m/n/10 , \T1/lmr/m/it/10 cow-plot(v.1.1.3)\T1/lmr/m/n/10 , \T1/lmr/m/it/10 grid(v.4.5.1)\T1/lmr/m/n/10 , \T1/lmr/m/it/10 rbi-bu-tils(v.2.3)\T1/lmr/m/n/10 , \T1/lmr/m/it/10 RobS-
 []


Underfull \hbox (badness 10000) in paragraph at lines 1063--1065
\T1/lmr/m/it/10 tatTM(v.1.0.11)\T1/lmr/m/n/10 , \T1/lmr/m/it/10 da-ta-wi-zard(v.1.0.2)\T1/lmr/m/n/10 , \T1/lmr/m/it/10 nlme(v.3.1-168)\T1/lmr/m/n/10 , \T1/lmr/m/it/10 Formula(v.1.2-5)\T1/lmr/m/n/10 , \T1/lmr/m/it/10 cli(v.3.6.5)\T1/lmr/m/n/10 , \T1/lmr/m/it/10 tex-tsha-ping(v.1.0.1)\T1/lmr/m/n/10 ,
 []


Underfull \hbox (badness 3701) in paragraph at lines 1063--1065
\T1/lmr/m/it/10 vi-ri-dis-Li-te(v.0.4.2)\T1/lmr/m/n/10 , \T1/lmr/m/it/10 sv-gli-te(v.2.2.1)\T1/lmr/m/n/10 , \T1/lmr/m/it/10 gta-ble(v.0.3.6)\T1/lmr/m/n/10 , \T1/lmr/m/it/10 rs-ta-tix(v.0.7.2)\T1/lmr/m/n/10 , \T1/lmr/m/it/10 di-gest(v.0.6.37)\T1/lmr/m/n/10 , \T1/lmr/m/it/10 TH.data(v.1.1-3)\T1/lmr/m/n/10 , \T1/lmr/m/it/10 far-
 []









[19] (./Simulacion_Poder.aux
LaTeX Info: Redefining \sptext on input line 13.
LaTeX Info: Redefining \. on input line 13.
LaTeX Info: Redefining \% on input line 13.
)
 ***********
LaTeX2e <2025-06-01> patch level 1
L3 programming layer <2025-06-09>
 ***********
Package logreq Info: Writing requests to 'Simulacion_Poder.run.xml'.
\openout1 = `Simulacion_Poder.run.xml'.

 ) 
Here is how much of TeX's memory you used:
 37154 strings out of 469810
 699088 string characters out of 5482837
 1751109 words of memory out of 5000000
 64782 multiletter control sequences out of 15000+600000
 703309 words of font info for 92 fonts, out of 8000000 for 9000
 36 hyphenation exceptions out of 8191
 84i,13n,87p,2098b,2816s stack positions out of 10000i,1000n,20000p,200000b,200000s
</home/jdl/.TinyTeX/texmf-dist/fonts/type1/public/lm/lmbx10.pfb></home/jdl/.TinyTeX/texmf-dist/fonts/type1/public/lm/lmbx12.pfb></home/jdl/.TinyTeX/texmf-dist/fonts/type1/public/lm/lmbxi10.pfb></home/jdl/.TinyTeX/texmf-dist/fonts/type1/public/lm/lmmi10.pfb></home/jdl/.TinyTeX/texmf-dist/fonts/type1/public/lm/lmmi5.pfb></home/jdl/.TinyTeX/texmf-dist/fonts/type1/public/lm/lmmi7.pfb></home/jdl/.TinyTeX/texmf-dist/fonts/type1/public/lm/lmr10.pfb></home/jdl/.TinyTeX/texmf-dist/fonts/type1/public/lm/lmr12.pfb></home/jdl/.TinyTeX/texmf-dist/fonts/type1/public/lm/lmr7.pfb></home/jdl/.TinyTeX/texmf-dist/fonts/type1/public/lm/lmr8.pfb></home/jdl/.TinyTeX/texmf-dist/fonts/type1/public/lm/lmri10.pfb></home/jdl/.TinyTeX/texmf-dist/fonts/type1/public/lm/lmri12.pfb></home/jdl/.TinyTeX/texmf-dist/fonts/type1/public/lm/lmri8.pfb></home/jdl/.TinyTeX/texmf-dist/fonts/type1/public/lm/lmsy10.pfb></home/jdl/.TinyTeX/texmf-dist/fonts/type1/public/lm/lmtk10.pfb></home/jdl/.TinyTeX/texmf-dist/fonts/type1/public/lm/lmtt10.pfb>
Output written on Simulacion_Poder.pdf (19 pages, 5000551 bytes).
PDF statistics:
 412 PDF objects out of 1000 (max. 8388607)
 341 compressed objects within 4 object streams
 62 named destinations out of 1000 (max. 500000)
 174 words of extra memory for PDF output out of 10000 (max. 10000000)

